{"/Users/franciscocilia/Desktop/MERCHANT_WALLET/src/databasepg.js": {"path":"/Users/franciscocilia/Desktop/MERCHANT_WALLET/src/databasepg.js","statementMap":{"0":{"start":{"line":1,"column":19},"end":{"line":1,"column":32}},"1":{"start":{"line":2,"column":17},"end":{"line":2,"column":29}},"2":{"start":{"line":3,"column":0},"end":{"line":3,"column":56}},"3":{"start":{"line":5,"column":15},"end":{"line":11,"column":2}},"4":{"start":{"line":26,"column":0},"end":{"line":26,"column":28}}},"fnMap":{},"branchMap":{},"s":{"0":1,"1":1,"2":1,"3":1,"4":1},"f":{},"b":{},"_coverageSchema":"1a1c01bbd47fc00a2c39e90264f33305004495a9","hash":"e70701542c5f3e67019dc8f0b27220f759c0abcd"}
,"/Users/franciscocilia/Desktop/MERCHANT_WALLET/src/index.js": {"path":"/Users/franciscocilia/Desktop/MERCHANT_WALLET/src/index.js","statementMap":{"0":{"start":{"line":1,"column":16},"end":{"line":1,"column":34}},"1":{"start":{"line":2,"column":15},"end":{"line":2,"column":41}},"2":{"start":{"line":4,"column":13},"end":{"line":4,"column":17}},"3":{"start":{"line":6,"column":12},"end":{"line":6,"column":21}},"4":{"start":{"line":7,"column":0},"end":{"line":7,"column":24}},"5":{"start":{"line":9,"column":0},"end":{"line":14,"column":3}},"6":{"start":{"line":10,"column":4},"end":{"line":12,"column":5}},"7":{"start":{"line":11,"column":8},"end":{"line":11,"column":46}},"8":{"start":{"line":13,"column":4},"end":{"line":13,"column":76}},"9":{"start":{"line":16,"column":0},"end":{"line":16,"column":20}},"10":{"start":{"line":18,"column":0},"end":{"line":18,"column":24}}},"fnMap":{"0":{"name":"(anonymous_0)","decl":{"start":{"line":9,"column":37},"end":{"line":9,"column":38}},"loc":{"start":{"line":9,"column":46},"end":{"line":14,"column":1}},"line":9}},"branchMap":{"0":{"loc":{"start":{"line":9,"column":11},"end":{"line":9,"column":35}},"type":"binary-expr","locations":[{"start":{"line":9,"column":11},"end":{"line":9,"column":27}},{"start":{"line":9,"column":31},"end":{"line":9,"column":35}}],"line":9},"1":{"loc":{"start":{"line":10,"column":4},"end":{"line":12,"column":5}},"type":"if","locations":[{"start":{"line":10,"column":4},"end":{"line":12,"column":5}},{"start":{},"end":{}}],"line":10},"2":{"loc":{"start":{"line":13,"column":48},"end":{"line":13,"column":72}},"type":"binary-expr","locations":[{"start":{"line":13,"column":48},"end":{"line":13,"column":64}},{"start":{"line":13,"column":68},"end":{"line":13,"column":72}}],"line":13}},"s":{"0":1,"1":1,"2":1,"3":1,"4":1,"5":1,"6":1,"7":0,"8":1,"9":1,"10":1},"f":{"0":1},"b":{"0":[1,1],"1":[0,1],"2":[1,1]},"_coverageSchema":"1a1c01bbd47fc00a2c39e90264f33305004495a9","hash":"18821e4d2db7943c4c864ac8b23ce7019bc1b45d"}
,"/Users/franciscocilia/Desktop/MERCHANT_WALLET/src/controllers/retrieveCardController.js": {"path":"/Users/franciscocilia/Desktop/MERCHANT_WALLET/src/controllers/retrieveCardController.js","statementMap":{"0":{"start":{"line":1,"column":19},"end":{"line":1,"column":45}},"1":{"start":{"line":2,"column":34},"end":{"line":2,"column":84}},"2":{"start":{"line":3,"column":25},"end":{"line":3,"column":49}},"3":{"start":{"line":4,"column":21},"end":{"line":4,"column":39}},"4":{"start":{"line":7,"column":30},"end":{"line":7,"column":61}},"5":{"start":{"line":10,"column":0},"end":{"line":27,"column":1}},"6":{"start":{"line":11,"column":4},"end":{"line":26,"column":5}},"7":{"start":{"line":12,"column":8},"end":{"line":12,"column":26}},"8":{"start":{"line":13,"column":8},"end":{"line":15,"column":9}},"9":{"start":{"line":14,"column":12},"end":{"line":14,"column":59}},"10":{"start":{"line":16,"column":43},"end":{"line":16,"column":46}},"11":{"start":{"line":18,"column":22},"end":{"line":20,"column":34}},"12":{"start":{"line":22,"column":8},"end":{"line":22,"column":36}},"13":{"start":{"line":24,"column":8},"end":{"line":24,"column":27}},"14":{"start":{"line":25,"column":8},"end":{"line":25,"column":21}}},"fnMap":{"0":{"name":"(anonymous_0)","decl":{"start":{"line":10,"column":25},"end":{"line":10,"column":26}},"loc":{"start":{"line":10,"column":45},"end":{"line":27,"column":1}},"line":10}},"branchMap":{"0":{"loc":{"start":{"line":13,"column":8},"end":{"line":15,"column":9}},"type":"if","locations":[{"start":{"line":13,"column":8},"end":{"line":15,"column":9}},{"start":{},"end":{}}],"line":13}},"s":{"0":1,"1":1,"2":1,"3":1,"4":1,"5":1,"6":1,"7":1,"8":1,"9":1,"10":1,"11":1,"12":1,"13":0,"14":0},"f":{"0":1},"b":{"0":[1,0]},"_coverageSchema":"1a1c01bbd47fc00a2c39e90264f33305004495a9","hash":"6251fbd72e80bd861bf0f054e8f922b869a909fa"}
,"/Users/franciscocilia/Desktop/MERCHANT_WALLET/src/controllers/teaController.js": {"path":"/Users/franciscocilia/Desktop/MERCHANT_WALLET/src/controllers/teaController.js","statementMap":{"0":{"start":{"line":1,"column":15},"end":{"line":3,"column":1}},"1":{"start":{"line":2,"column":4},"end":{"line":2,"column":39}},"2":{"start":{"line":5,"column":0},"end":{"line":5,"column":25}}},"fnMap":{"0":{"name":"(anonymous_0)","decl":{"start":{"line":1,"column":15},"end":{"line":1,"column":16}},"loc":{"start":{"line":1,"column":35},"end":{"line":3,"column":1}},"line":1}},"branchMap":{},"s":{"0":1,"1":0,"2":1},"f":{"0":0},"b":{},"_coverageSchema":"1a1c01bbd47fc00a2c39e90264f33305004495a9","hash":"ce2025b438d53d74f24a4e73428d9d77d47cd227"}
,"/Users/franciscocilia/Desktop/MERCHANT_WALLET/src/helper/sql.js": {"path":"/Users/franciscocilia/Desktop/MERCHANT_WALLET/src/helper/sql.js","statementMap":{"0":{"start":{"line":1,"column":21},"end":{"line":12,"column":3}},"1":{"start":{"line":2,"column":4},"end":{"line":11,"column":5}},"2":{"start":{"line":3,"column":21},"end":{"line":3,"column":41}},"3":{"start":{"line":4,"column":42},"end":{"line":4,"column":67}},"4":{"start":{"line":5,"column":6},"end":{"line":5,"column":23}},"5":{"start":{"line":6,"column":6},"end":{"line":6,"column":37}},"6":{"start":{"line":7,"column":6},"end":{"line":7,"column":32}},"7":{"start":{"line":9,"column":6},"end":{"line":9,"column":23}},"8":{"start":{"line":10,"column":6},"end":{"line":10,"column":14}},"9":{"start":{"line":14,"column":2},"end":{"line":16,"column":4}}},"fnMap":{"0":{"name":"(anonymous_0)","decl":{"start":{"line":1,"column":21},"end":{"line":1,"column":22}},"loc":{"start":{"line":1,"column":44},"end":{"line":12,"column":3}},"line":1}},"branchMap":{},"s":{"0":1,"1":1,"2":1,"3":1,"4":1,"5":1,"6":1,"7":0,"8":0,"9":1},"f":{"0":1},"b":{},"_coverageSchema":"1a1c01bbd47fc00a2c39e90264f33305004495a9","hash":"27978bd128600407517f2b04784ed7d19a924b0d"}
,"/Users/franciscocilia/Desktop/MERCHANT_WALLET/src/routes/routes.js": {"path":"/Users/franciscocilia/Desktop/MERCHANT_WALLET/src/routes/routes.js","statementMap":{"0":{"start":{"line":1,"column":16},"end":{"line":1,"column":34}},"1":{"start":{"line":3,"column":15},"end":{"line":3,"column":31}},"2":{"start":{"line":5,"column":15},"end":{"line":5,"column":54}},"3":{"start":{"line":6,"column":43},"end":{"line":6,"column":91}},"4":{"start":{"line":8,"column":0},"end":{"line":10,"column":18}},"5":{"start":{"line":12,"column":0},"end":{"line":14,"column":32}},"6":{"start":{"line":16,"column":0},"end":{"line":16,"column":24}}},"fnMap":{},"branchMap":{},"s":{"0":1,"1":1,"2":1,"3":1,"4":1,"5":1,"6":1},"f":{},"b":{},"_coverageSchema":"1a1c01bbd47fc00a2c39e90264f33305004495a9","hash":"f5c575034d7995ff5e3a713e3482ca1ea8c165db"}
,"/Users/franciscocilia/Desktop/MERCHANT_WALLET/src/services/DatabaseConfigService.js": {"path":"/Users/franciscocilia/Desktop/MERCHANT_WALLET/src/services/DatabaseConfigService.js","statementMap":{"0":{"start":{"line":1,"column":0},"end":{"line":1,"column":27}},"1":{"start":{"line":5,"column":8},"end":{"line":11,"column":10}},"2":{"start":{"line":15,"column":0},"end":{"line":15,"column":39}}},"fnMap":{"0":{"name":"(anonymous_0)","decl":{"start":{"line":4,"column":4},"end":{"line":4,"column":5}},"loc":{"start":{"line":4,"column":18},"end":{"line":12,"column":5}},"line":4}},"branchMap":{},"s":{"0":1,"1":1,"2":1},"f":{"0":1},"b":{},"_coverageSchema":"1a1c01bbd47fc00a2c39e90264f33305004495a9","hash":"239d90d47d529200ee705e8e90936e32986c0539"}
,"/Users/franciscocilia/Desktop/MERCHANT_WALLET/src/services/PostgreReposirotyClientPool.js": {"path":"/Users/franciscocilia/Desktop/MERCHANT_WALLET/src/services/PostgreReposirotyClientPool.js","statementMap":{"0":{"start":{"line":1,"column":17},"end":{"line":1,"column":34}},"1":{"start":{"line":2,"column":17},"end":{"line":2,"column":30}},"2":{"start":{"line":3,"column":30},"end":{"line":3,"column":64}},"3":{"start":{"line":4,"column":30},"end":{"line":4,"column":57}},"4":{"start":{"line":8,"column":23},"end":{"line":8,"column":58}},"5":{"start":{"line":9,"column":8},"end":{"line":9,"column":32}},"6":{"start":{"line":13,"column":0},"end":{"line":13,"column":45}}},"fnMap":{"0":{"name":"(anonymous_0)","decl":{"start":{"line":7,"column":4},"end":{"line":7,"column":5}},"loc":{"start":{"line":7,"column":16},"end":{"line":10,"column":5}},"line":7}},"branchMap":{},"s":{"0":1,"1":1,"2":1,"3":1,"4":1,"5":1,"6":1},"f":{"0":1},"b":{},"_coverageSchema":"1a1c01bbd47fc00a2c39e90264f33305004495a9","hash":"0274b897692b455e01064d8060f21c852f2bfc0b"}
}
