TN:
SF:src/databasepg.js
FNF:0
FNH:0
DA:1,1
DA:2,1
DA:3,1
DA:5,1
DA:26,1
LF:5
LH:5
BRF:0
BRH:0
end_of_record
TN:
SF:src/index.js
FN:9,(anonymous_0)
FNF:1
FNH:1
FNDA:1,(anonymous_0)
DA:1,1
DA:2,1
DA:4,1
DA:6,1
DA:7,1
DA:9,1
DA:10,1
DA:11,0
DA:13,1
DA:16,1
DA:18,1
LF:11
LH:10
BRDA:9,0,0,1
BRDA:9,0,1,1
BRDA:10,1,0,0
BRDA:10,1,1,1
BRDA:13,2,0,1
BRDA:13,2,1,1
BRF:6
BRH:5
end_of_record
TN:
SF:src/controllers/deleteCardController.js
FN:8,(anonymous_0)
FNF:1
FNH:1
FNDA:2,(anonymous_0)
DA:1,1
DA:2,1
DA:5,1
DA:8,1
DA:9,2
DA:10,2
DA:11,1
DA:14,2
DA:16,2
DA:17,1
DA:21,1
DA:22,1
DA:25,1
DA:28,0
DA:29,0
LF:15
LH:13
BRDA:10,0,0,1
BRDA:10,0,1,1
BRDA:16,1,0,1
BRDA:16,1,1,1
BRDA:16,2,0,2
BRDA:16,2,1,1
BRF:6
BRH:6
end_of_record
TN:
SF:src/controllers/ingestCardController.js
FN:8,(anonymous_0)
FNF:1
FNH:1
FNDA:2,(anonymous_0)
DA:1,1
DA:2,1
DA:5,1
DA:8,1
DA:9,2
DA:10,2
DA:11,1
DA:14,2
DA:16,2
DA:17,1
DA:20,1
DA:24,1
DA:27,0
DA:28,0
LF:14
LH:12
BRDA:10,0,0,1
BRDA:10,0,1,1
BRDA:16,1,0,1
BRDA:16,1,1,1
BRF:4
BRH:4
end_of_record
TN:
SF:src/controllers/ingestTransactionController.js
FN:8,(anonymous_0)
FNF:1
FNH:1
FNDA:2,(anonymous_0)
DA:1,1
DA:2,1
DA:5,1
DA:8,1
DA:9,2
DA:10,2
DA:11,1
DA:14,2
DA:16,2
DA:17,1
DA:21,1
DA:24,1
DA:27,0
DA:29,0
LF:14
LH:12
BRDA:10,0,0,1
BRDA:10,0,1,1
BRDA:16,1,0,1
BRDA:16,1,1,1
BRF:4
BRH:4
end_of_record
TN:
SF:src/controllers/retrieveCardController.js
FN:10,(anonymous_0)
FNF:1
FNH:1
FNDA:1,(anonymous_0)
DA:1,1
DA:2,1
DA:3,1
DA:4,1
DA:7,1
DA:10,1
DA:11,1
DA:12,1
DA:13,1
DA:15,1
DA:17,1
DA:21,1
DA:23,0
DA:24,0
LF:14
LH:12
BRDA:12,0,0,1
BRDA:12,0,1,0
BRF:2
BRH:1
end_of_record
TN:
SF:src/controllers/retrieveTransactionController.js
FN:8,(anonymous_0)
FNF:1
FNH:1
FNDA:1,(anonymous_0)
DA:1,1
DA:2,1
DA:5,1
DA:8,1
DA:9,1
DA:10,1
DA:11,1
DA:14,1
DA:22,1
DA:24,0
DA:25,0
LF:11
LH:9
BRDA:10,0,0,1
BRDA:10,0,1,0
BRF:2
BRH:1
end_of_record
TN:
SF:src/helper/sql.js
FN:1,(anonymous_0)
FNF:1
FNH:1
FNDA:5,(anonymous_0)
DA:1,1
DA:2,5
DA:3,5
DA:4,5
DA:5,5
DA:7,5
DA:9,0
DA:10,0
DA:14,1
LF:9
LH:7
BRF:0
BRH:0
end_of_record
TN:
SF:src/routes/routes.js
FNF:0
FNH:0
DA:1,1
DA:3,1
DA:5,1
DA:6,1
DA:7,1
DA:8,1
DA:9,1
DA:11,1
DA:15,1
DA:19,1
DA:23,1
DA:27,1
DA:31,1
LF:13
LH:13
BRF:0
BRH:0
end_of_record
TN:
SF:src/services/DatabaseConfigService.js
FN:4,(anonymous_0)
FNF:1
FNH:1
FNDA:5,(anonymous_0)
DA:1,1
DA:5,5
DA:15,1
LF:3
LH:3
BRF:0
BRH:0
end_of_record
TN:
SF:src/services/PostgreReposirotyClientPool.js
FN:7,(anonymous_0)
FNF:1
FNH:1
FNDA:5,(anonymous_0)
DA:1,1
DA:2,1
DA:3,1
DA:4,1
DA:8,5
DA:9,5
DA:13,1
LF:7
LH:7
BRF:0
BRH:0
end_of_record
